android/lib/build/intermediates/manifest_merge_blame_file/release/manifest-merger-blame-release-report.txt
1<?xml version="1.0" encoding="utf-8"?>
2<!--
3  GRIN Android Library Manifest
4  Grouped Readdressable Indexed Nodes
5  
6  This library requires no special permissions.
7  All GRIN file parsing is done in-memory with bounded resource consumption.
8-->
9<manifest xmlns:android="http://schemas.android.com/apk/res/android"
10    package="io.grin.lib" > <!-- No permissions required - GRIN is a self-contained format -->
11    <uses-sdk android:minSdkVersion="21" />
12
13</manifest>